<?xml version="1.0" encoding="UTF-8"?>
<testng-results skipped="0" failed="0" ignored="0" total="3" passed="3">
  <reporter-output>
  </reporter-output>
  <suite name="Default suite" duration-ms="61" started-at="2021-06-04T21:43:17 IST" finished-at="2021-06-04T21:43:17 IST">
    <groups>
    </groups>
    <test name="Default test" duration-ms="61" started-at="2021-06-04T21:43:17 IST" finished-at="2021-06-04T21:43:17 IST">
      <class name="com.java.prog.stringIntegerChar.CharOccurrance">
        <test-method status="PASS" signature="findCharCount()[pri:0, instance:com.java.prog.stringIntegerChar.CharOccurrance@50b494a6]" name="findCharCount" duration-ms="8" started-at="2021-06-04T21:43:17 IST" finished-at="2021-06-04T21:43:17 IST">
          <reporter-output>
          </reporter-output>
        </test-method> <!-- findCharCount -->
        <test-method status="PASS" signature="findDuplicateCharcterCount()[pri:0, instance:com.java.prog.stringIntegerChar.CharOccurrance@50b494a6]" name="findDuplicateCharcterCount" duration-ms="0" started-at="2021-06-04T21:43:17 IST" finished-at="2021-06-04T21:43:17 IST">
          <reporter-output>
          </reporter-output>
        </test-method> <!-- findDuplicateCharcterCount -->
        <test-method status="PASS" signature="findEachCharCountInString()[pri:0, instance:com.java.prog.stringIntegerChar.CharOccurrance@50b494a6]" name="findEachCharCountInString" duration-ms="0" started-at="2021-06-04T21:43:17 IST" finished-at="2021-06-04T21:43:17 IST">
          <reporter-output>
          </reporter-output>
        </test-method> <!-- findEachCharCountInString -->
      </class> <!-- com.java.prog.stringIntegerChar.CharOccurrance -->
    </test> <!-- Default test -->
  </suite> <!-- Default suite -->
</testng-results>
