<?xml version="1.0" encoding="UTF-8"?>
<!-- Generated by org.testng.reporters.JUnitXMLReporter -->
<testsuite hostname="INWS03011-02" ignored="0" name="Default test" tests="3" failures="0" timestamp="2021-06-04T21:43:17 IST" time="0.061" errors="0">
  <testcase name="findCharCount" time="0.008" classname="com.java.prog.stringIntegerChar.CharOccurrance"/>
  <testcase name="findDuplicateCharcterCount" time="0.0" classname="com.java.prog.stringIntegerChar.CharOccurrance"/>
  <testcase name="findEachCharCountInString" time="0.0" classname="com.java.prog.stringIntegerChar.CharOccurrance"/>
</testsuite> <!-- Default test -->
